<?xml version="1.0" encoding="UTF-8"?>
<!-- Generated by org.testng.reporters.JUnitReportReporter -->
<testsuite hostname="DESKTOP-VS3484C" failures="0" tests="3" name="testNGannotation.TestAnnotations" time="0.027" errors="0" timestamp="2023-03-27T19:42:28 IST" skipped="0">
  <testcase classname="testNGannotation.TestAnnotations" name="g" time="0.005"/>
  <system-out>
    <![CDATA[test case2]]>
  </system-out>
  <testcase classname="testNGannotation.TestAnnotations" name="f" time="0.017"/>
  <system-out>
    <![CDATA[test case1]]>
  </system-out>
  <testcase classname="testNGannotation.TestAnnotations" name="h" time="0.005"/>
  <system-out>
    <![CDATA[test case3]]>
  </system-out>
</testsuite> <!-- testNGannotation.TestAnnotations -->
