<?xml version="1.0" encoding="UTF-8"?>
<!-- Generated by org.testng.reporters.JUnitReportReporter -->
<testsuite hostname="DESKTOP-VS3484C" failures="0" tests="1" name="testNGexecution.TestNGClass1" time="131.440" errors="0" timestamp="2023-03-28T19:29:05 IST" skipped="0">
  <testcase classname="testNGexecution.TestNGClass1" name="Search1" time="131.440"/>
  <system-out/>
</testsuite> <!-- testNGexecution.TestNGClass1 -->
