<?xml version="1.0" encoding="UTF-8"?>
<!-- Generated by org.testng.reporters.JUnitReportReporter -->
<testsuite hostname="DESKTOP-VS3484C" failures="0" tests="3" name="testNGFlag.Flag5" time="0.023" errors="0" timestamp="2023-03-30T20:33:09 IST" skipped="0">
  <testcase classname="testNGFlag.Flag5" name="createUser" time="0.002"/>
  <system-out>
    <![CDATA[User is created!!]]>
  </system-out>
  <testcase classname="testNGFlag.Flag5" name="logOut" time="0.002"/>
  <system-out>
    <![CDATA[Logged out!!]]>
  </system-out>
  <testcase classname="testNGFlag.Flag5" name="login" time="0.019"/>
  <system-out>
    <![CDATA[Logged in!!]]>
  </system-out>
</testsuite> <!-- testNGFlag.Flag5 -->
