<?xml version="1.0" encoding="UTF-8"?>
<!-- Generated by org.testng.reporters.JUnitReportReporter -->
<testsuite hostname="DESKTOP-VS3484C" failures="0" tests="2" name="testNGexecution.MethodExe" time="0.016" errors="0" timestamp="2023-03-28T19:52:32 IST" skipped="0">
  <testcase classname="testNGexecution.MethodExe" name="method1" time="0.014"/>
  <system-out>
    <![CDATA[18 is the threadId
Method1]]>
  </system-out>
  <testcase classname="testNGexecution.MethodExe" name="method2" time="0.002"/>
  <system-out>
    <![CDATA[18 is the threadId
Method2]]>
  </system-out>
</testsuite> <!-- testNGexecution.MethodExe -->
