<?xml version="1.0" encoding="UTF-8"?>
<!-- Generated by org.testng.reporters.JUnitReportReporter -->
<testsuite hostname="DESKTOP-VS3484C" failures="0" tests="3" name="testNGpack.Demo" time="0.024" errors="0" timestamp="2023-03-28T19:55:35 IST" skipped="0">
  <testcase classname="testNGpack.Demo" name="f" time="0.015"/>
  <system-out>
    <![CDATA[Sunday true!]]>
  </system-out>
  <testcase classname="testNGpack.Demo" name="m2" time="0.004"/>
  <system-out>
    <![CDATA[Method name is m2]]>
  </system-out>
  <testcase classname="testNGpack.Demo" name="m1" time="0.005"/>
  <system-out>
    <![CDATA[Method name is m1]]>
  </system-out>
</testsuite> <!-- testNGpack.Demo -->
