<?xml version="1.0" encoding="UTF-8"?>
<!-- Generated by org.testng.reporters.JUnitReportReporter -->
<testsuite hostname="DESKTOP-VS3484C" failures="0" tests="3" name="testNGFlag.Flag3" time="0.021" errors="0" timestamp="2023-03-30T20:05:22 IST" skipped="0">
  <testcase classname="testNGFlag.Flag3" name="login" time="0.016"/>
  <system-out>
    <![CDATA[Logged in!!]]>
  </system-out>
  <testcase classname="testNGFlag.Flag3" name="createUser" time="0.003"/>
  <system-out>
    <![CDATA[User is created]]>
  </system-out>
  <testcase classname="testNGFlag.Flag3" name="logOut" time="0.002"/>
  <system-out>
    <![CDATA[Logged out!!]]>
  </system-out>
</testsuite> <!-- testNGFlag.Flag3 -->
