<?xml version="1.0" encoding="UTF-8"?>
<!-- Generated by org.testng.reporters.JUnitReportReporter -->
<testsuite hostname="DESKTOP-VS3484C" failures="0" tests="10" name="testNGFlag.Flag3_3" time="0.047" errors="0" timestamp="2023-03-31T19:27:12 IST" skipped="0">
  <testcase classname="testNGFlag.Flag3_3" name="t" time="0.020"/>
  <system-out>
    <![CDATA[t]]>
  </system-out>
  <testcase classname="testNGFlag.Flag3_3" name="r" time="0.003"/>
  <system-out>
    <![CDATA[r]]>
  </system-out>
  <testcase classname="testNGFlag.Flag3_3" name="d" time="0.003"/>
  <system-out>
    <![CDATA[d]]>
  </system-out>
  <testcase classname="testNGFlag.Flag3_3" name="j" time="0.002"/>
  <system-out>
    <![CDATA[j]]>
  </system-out>
  <testcase classname="testNGFlag.Flag3_3" name="b" time="0.004"/>
  <system-out>
    <![CDATA[b]]>
  </system-out>
  <testcase classname="testNGFlag.Flag3_3" name="a" time="0.002"/>
  <system-out>
    <![CDATA[a]]>
  </system-out>
  <testcase classname="testNGFlag.Flag3_3" name="m" time="0.003"/>
  <system-out>
    <![CDATA[m]]>
  </system-out>
  <testcase classname="testNGFlag.Flag3_3" name="h" time="0.003"/>
  <system-out>
    <![CDATA[h]]>
  </system-out>
  <testcase classname="testNGFlag.Flag3_3" name="z" time="0.003"/>
  <system-out>
    <![CDATA[z]]>
  </system-out>
  <testcase classname="testNGFlag.Flag3_3" name="l" time="0.004"/>
  <system-out>
    <![CDATA[l]]>
  </system-out>
</testsuite> <!-- testNGFlag.Flag3_3 -->
