<?xml version="1.0" encoding="UTF-8"?>
<!-- Generated by org.testng.reporters.JUnitReportReporter -->
<testsuite hostname="DESKTOP-VS3484C" failures="0" tests="6" name="testNGFlag.GroupExecution" time="0.026" errors="0" timestamp="2023-03-30T19:32:01 IST" skipped="0">
  <testcase classname="testNGFlag.GroupExecution" name="ft1" time="0.016"/>
  <system-out>
    <![CDATA[Functional test case1 is executed]]>
  </system-out>
  <testcase classname="testNGFlag.GroupExecution" name="ft3" time="0.002"/>
  <system-out>
    <![CDATA[Functional test case3 is executed]]>
  </system-out>
  <testcase classname="testNGFlag.GroupExecution" name="ft6" time="0.002"/>
  <system-out>
    <![CDATA[Functional test case6 is executed]]>
  </system-out>
  <testcase classname="testNGFlag.GroupExecution" name="ft2" time="0.002"/>
  <system-out>
    <![CDATA[Functional test case2 is executed]]>
  </system-out>
  <testcase classname="testNGFlag.GroupExecution" name="ft4" time="0.002"/>
  <system-out>
    <![CDATA[Functional test case4 is executed]]>
  </system-out>
  <testcase classname="testNGFlag.GroupExecution" name="ft5" time="0.002"/>
  <system-out>
    <![CDATA[Functional test case5 is executed]]>
  </system-out>
</testsuite> <!-- testNGFlag.GroupExecution -->
