<?xml version="1.0" encoding="UTF-8"?>
<!-- Generated by org.testng.reporters.JUnitReportReporter -->
<testsuite hostname="DESKTOP-VS3484C" failures="0" tests="3" name="testNGpack.Demo3" time="0.020" errors="0" timestamp="2023-03-28T19:55:35 IST" skipped="0">
  <testcase classname="testNGpack.Demo3" name="dm5" time="0.003"/>
  <system-out>
    <![CDATA[method name is dm5]]>
  </system-out>
  <testcase classname="testNGpack.Demo3" name="dm6" time="0.002"/>
  <system-out>
    <![CDATA[method name is dm6]]>
  </system-out>
  <testcase classname="testNGpack.Demo3" name="dm4" time="0.015"/>
  <system-out>
    <![CDATA[method name is dm4]]>
  </system-out>
</testsuite> <!-- testNGpack.Demo3 -->
