<?xml version="1.0" encoding="UTF-8"?>
<!-- Generated by org.testng.reporters.JUnitReportReporter -->
<testsuite hostname="DESKTOP-VS3484C" failures="0" tests="2" name="testNGFlag.Flag2" time="0.015" errors="0" timestamp="2023-03-30T19:51:59 IST" skipped="0">
  <testcase classname="testNGFlag.Flag2" name="search1" time="0.013"/>
  <system-out>
    <![CDATA[SQL search]]>
  </system-out>
  <testcase classname="testNGFlag.Flag2" name="search2" time="0.002"/>
  <system-out>
    <![CDATA[Log in page]]>
  </system-out>
</testsuite> <!-- testNGFlag.Flag2 -->
