<?xml version="1.0" encoding="UTF-8"?>
<!-- Generated by org.testng.reporters.JUnitReportReporter -->
<testsuite hostname="DESKTOP-VS3484C" failures="0" tests="4" name="testNGFlag.Flag6" time="0.022" errors="0" timestamp="2023-03-31T19:18:07 IST" skipped="1">
  <testcase classname="testNGFlag.Flag6" name="logout" time="0.002"/>
  <system-out>
    <![CDATA[Logout method]]>
  </system-out>
  <testcase classname="testNGFlag.Flag6" name="login" time="0.018"/>
  <system-out>
    <![CDATA[Login method]]>
  </system-out>
  <testcase classname="testNGFlag.Flag6" name="logout1" time="0.002"/>
  <system-out>
    <![CDATA[Logout method]]>
  </system-out>
  <testcase classname="testNGFlag.Flag6" name="login1">
    <skipped/>
  </testcase> <!-- login1 -->
  <system-out/>
</testsuite> <!-- testNGFlag.Flag6 -->
