<?xml version="1.0" encoding="UTF-8"?>
<!-- Generated by org.testng.reporters.JUnitReportReporter -->
<testsuite hostname="DESKTOP-VS3484C" failures="0" tests="10" name="testNGFlag.Flag4" time="0.044" errors="0" timestamp="2023-03-30T20:21:34 IST" skipped="0">
  <testcase classname="testNGFlag.Flag4" name="ft" time="0.003"/>
  <system-out>
    <![CDATA[FTC is executed]]>
  </system-out>
  <testcase classname="testNGFlag.Flag4" name="ft" time="0.002"/>
  <system-out>
    <![CDATA[FTC is executed]]>
  </system-out>
  <testcase classname="testNGFlag.Flag4" name="ft" time="0.002"/>
  <system-out>
    <![CDATA[FTC is executed]]>
  </system-out>
  <testcase classname="testNGFlag.Flag4" name="ft" time="0.002"/>
  <system-out>
    <![CDATA[FTC is executed]]>
  </system-out>
  <testcase classname="testNGFlag.Flag4" name="ft" time="0.003"/>
  <system-out>
    <![CDATA[FTC is executed]]>
  </system-out>
  <testcase classname="testNGFlag.Flag4" name="ft" time="0.003"/>
  <system-out>
    <![CDATA[FTC is executed]]>
  </system-out>
  <testcase classname="testNGFlag.Flag4" name="ft" time="0.003"/>
  <system-out>
    <![CDATA[FTC is executed]]>
  </system-out>
  <testcase classname="testNGFlag.Flag4" name="ft" time="0.002"/>
  <system-out>
    <![CDATA[FTC is executed]]>
  </system-out>
  <testcase classname="testNGFlag.Flag4" name="ft" time="0.019"/>
  <system-out>
    <![CDATA[FTC is executed]]>
  </system-out>
  <testcase classname="testNGFlag.Flag4" name="ft" time="0.005"/>
  <system-out>
    <![CDATA[FTC is executed]]>
  </system-out>
</testsuite> <!-- testNGFlag.Flag4 -->
