<?xml version="1.0" encoding="UTF-8"?>
<!-- Generated by org.testng.reporters.JUnitReportReporter -->
<testsuite hostname="DESKTOP-VS3484C" failures="0" tests="2" name="testNGDynamicScreenshot.ActitimeLogin" time="6.860" errors="0" timestamp="2023-04-02T18:58:43 IST" skipped="0">
  <testcase classname="testNGDynamicScreenshot.ActitimeLogin" name="loginpageMethod" time="2.717"/>
  <system-out>
    <![CDATA[Test is start]]>
  </system-out>
  <testcase classname="testNGDynamicScreenshot.ActitimeLogin" name="homepageMethod" time="4.143"/>
  <system-out>
    <![CDATA[Test is start]]>
  </system-out>
</testsuite> <!-- testNGDynamicScreenshot.ActitimeLogin -->
